<?xml version="1.0" encoding="UTF-8"?>
<!-- Generated by org.testng.reporters.JUnitReportReporter -->
<testsuite hostname="EE1603206" failures="0" tests="1" name="com.sampleproject.Sample" time="11.532" errors="0" timestamp="2020-11-10T14:03:52 IST" skipped="0">
  <testcase classname="com.sampleproject.Sample" name="test" time="11.532"/>
  <system-out/>
</testsuite> <!-- com.sampleproject.Sample -->
